2026-04-03 11:45:18,742 - INFO - Placing order: {'symbol': 'BTCUSDT', 'side': 'BUY', 'type': 'MARKET', 'quantity': 0.001}
2026-04-03 11:45:18,742 - ERROR - Error placing order: API Secret required for private endpoints
2026-04-03 11:58:18,627 - INFO - Placing order: {'symbol': 'BTCUSDT', 'side': 'BUY', 'type': 'MARKET', 'quantity': 0.001}
2026-04-03 11:58:18,629 - ERROR - Error placing order: API Secret required for private endpoints
2026-04-03 12:03:58,431 - INFO - Placing order: {'symbol': 'BTCUSDT', 'side': 'BUY', 'type': 'MARKET', 'quantity': 0.001}
2026-04-03 12:03:59,413 - ERROR - Error placing order: APIError(code=-2015): Invalid API-key, IP, or permissions for action
2026-04-03 12:04:21,927 - INFO - Placing order: {'symbol': 'BTCUSDT', 'side': 'BUY', 'type': 'MARKET', 'quantity': 0.001}
2026-04-03 12:04:23,034 - ERROR - Error placing order: APIError(code=-2015): Invalid API-key, IP, or permissions for action
2026-04-03 12:04:39,172 - INFO - Placing order: {'symbol': 'BTCUSDT', 'side': 'SELL', 'type': 'LIMIT', 'quantity': 0.001, 'price': 65000.0, 'timeInForce': 'GTC'}
2026-04-03 12:04:40,388 - ERROR - Error placing order: APIError(code=-2015): Invalid API-key, IP, or permissions for action
2026-04-03 12:09:03,539 - INFO - Placing order: {'symbol': 'BTCUSDT', 'side': 'BUY', 'type': 'MARKET', 'quantity': 0.001}
2026-04-03 12:09:05,328 - ERROR - Error placing order: APIError(code=-1021): Timestamp for this request is outside of the recvWindow.
2026-04-03 12:17:55,178 - INFO - Placing order: {'symbol': 'BTCUSDT', 'side': 'BUY', 'type': 'MARKET', 'quantity': 0.001}
2026-04-03 12:17:56,174 - ERROR - Error placing order: APIError(code=-4164): Order's notional must be no smaller than 100 (unless you choose reduce only).
2026-04-03 12:18:08,238 - INFO - Placing order: {'symbol': 'BTCUSDT', 'side': 'SELL', 'type': 'LIMIT', 'quantity': 0.001, 'price': 65000.0, 'timeInForce': 'GTC'}
2026-04-03 12:18:09,361 - ERROR - Error placing order: APIError(code=-4164): Order's notional must be no smaller than 100 (unless you choose reduce only).
2026-04-03 12:19:13,387 - INFO - Placing order: {'symbol': 'BTCUSDT', 'side': 'BUY', 'type': 'MARKET', 'quantity': 0.002}
2026-04-03 12:19:16,019 - INFO - Order Response: {'orderId': 13019989518, 'symbol': 'BTCUSDT', 'status': 'NEW', 'clientOrderId': 'R7gd8EicchWXYlvXBH0zIM', 'price': '0.00', 'avgPrice': '0.00', 'origQty': '0.0020', 'executedQty': '0.0000', 'cumQty': '0.0000', 'cumQuote': '0.000000', 'timeInForce': 'GTC', 'type': 'MARKET', 'reduceOnly': False, 'closePosition': False, 'side': 'BUY', 'positionSide': 'BOTH', 'stopPrice': '0.00', 'workingType': 'CONTRACT_PRICE', 'priceProtect': False, 'origType': 'MARKET', 'priceMatch': 'NONE', 'selfTradePreventionMode': 'EXPIRE_MAKER', 'goodTillDate': 0, 'updateTime': 1775198955511}
2026-04-03 12:19:29,348 - INFO - Placing order: {'symbol': 'BTCUSDT', 'side': 'SELL', 'type': 'LIMIT', 'quantity': 0.002, 'price': 65000.0, 'timeInForce': 'GTC'}
2026-04-03 12:19:30,756 - INFO - Order Response: {'orderId': 13019989620, 'symbol': 'BTCUSDT', 'status': 'NEW', 'clientOrderId': 'd4hapffYf5OcH9eWsyoRA0', 'price': '65000.00', 'avgPrice': '0.00', 'origQty': '0.0020', 'executedQty': '0.0000', 'cumQty': '0.0000', 'cumQuote': '0.000000', 'timeInForce': 'GTC', 'type': 'LIMIT', 'reduceOnly': False, 'closePosition': False, 'side': 'SELL', 'positionSide': 'BOTH', 'stopPrice': '0.00', 'workingType': 'CONTRACT_PRICE', 'priceProtect': False, 'origType': 'LIMIT', 'priceMatch': 'NONE', 'selfTradePreventionMode': 'EXPIRE_MAKER', 'goodTillDate': 0, 'updateTime': 1775198970335}
2026-04-03 12:28:16,848 - INFO - Placing order: {'symbol': 'BTCUSDT', 'side': 'SELL', 'type': 'MARKET', 'quantity': 0.002}
2026-04-03 12:28:17,467 - INFO - Order Response: {'orderId': 13019992743, 'symbol': 'BTCUSDT', 'status': 'NEW', 'clientOrderId': 'CMdD9W9fXIbrAoPCiitg26', 'price': '0.00', 'avgPrice': '0.00', 'origQty': '0.0020', 'executedQty': '0.0000', 'cumQty': '0.0000', 'cumQuote': '0.000000', 'timeInForce': 'GTC', 'type': 'MARKET', 'reduceOnly': False, 'closePosition': False, 'side': 'SELL', 'positionSide': 'BOTH', 'stopPrice': '0.00', 'workingType': 'CONTRACT_PRICE', 'priceProtect': False, 'origType': 'MARKET', 'priceMatch': 'NONE', 'selfTradePreventionMode': 'EXPIRE_MAKER', 'goodTillDate': 0, 'updateTime': 1775199497319}
2026-04-03 13:06:29,396 - INFO - Placing order: {'symbol': 'BTCUSDT', 'side': 'SELL', 'type': 'MARKET', 'quantity': 0.002}
2026-04-03 13:06:29,782 - INFO - Order Response: {'orderId': 13020011285, 'symbol': 'BTCUSDT', 'status': 'NEW', 'clientOrderId': 'ZiBjGsYe3UiV71INHZ4k7e', 'price': '0.00', 'avgPrice': '0.00', 'origQty': '0.0020', 'executedQty': '0.0000', 'cumQty': '0.0000', 'cumQuote': '0.000000', 'timeInForce': 'GTC', 'type': 'MARKET', 'reduceOnly': False, 'closePosition': False, 'side': 'SELL', 'positionSide': 'BOTH', 'stopPrice': '0.00', 'workingType': 'CONTRACT_PRICE', 'priceProtect': False, 'origType': 'MARKET', 'priceMatch': 'NONE', 'selfTradePreventionMode': 'EXPIRE_MAKER', 'goodTillDate': 0, 'updateTime': 1775201789651}
2026-04-03 13:06:42,831 - INFO - Placing order: {'symbol': 'BTCUSDT', 'side': 'SELL', 'type': 'LIMIT', 'quantity': 0.002, 'price': 50000.0, 'timeInForce': 'GTC'}
2026-04-03 13:06:43,106 - ERROR - Error placing order: APIError(code=-4024): Limit price can't be lower than 63713.27.
2026-04-03 13:07:37,010 - INFO - Placing order: {'symbol': 'BTCUSDT', 'side': 'SELL', 'type': 'LIMIT', 'quantity': 0.002, 'price': 65000.0, 'timeInForce': 'GTC'}
2026-04-03 13:07:37,318 - INFO - Order Response: {'orderId': 13020011863, 'symbol': 'BTCUSDT', 'status': 'NEW', 'clientOrderId': 'TNJ2uZjXARwBCwKjDrGX9K', 'price': '65000.00', 'avgPrice': '0.00', 'origQty': '0.0020', 'executedQty': '0.0000', 'cumQty': '0.0000', 'cumQuote': '0.000000', 'timeInForce': 'GTC', 'type': 'LIMIT', 'reduceOnly': False, 'closePosition': False, 'side': 'SELL', 'positionSide': 'BOTH', 'stopPrice': '0.00', 'workingType': 'CONTRACT_PRICE', 'priceProtect': False, 'origType': 'LIMIT', 'priceMatch': 'NONE', 'selfTradePreventionMode': 'EXPIRE_MAKER', 'goodTillDate': 0, 'updateTime': 1775201857251}
2026-04-03 13:12:54,719 - INFO - Placing order: {'symbol': 'BTCUSDT', 'side': 'SELL', 'type': 'LIMIT', 'quantity': 0.002, 'price': 50000.0, 'timeInForce': 'GTC'}
2026-04-03 13:12:55,089 - ERROR - Error placing order: APIError(code=-4024): Limit price can't be lower than 63726.04.
2026-04-03 13:32:41 | INFO     | bot.logging_config | Logging initialised — file=logs\bot.log console_level=WARNING
2026-04-03 13:33:21 | INFO     | bot.logging_config | Logging initialised — file=logs\bot.log console_level=WARNING
2026-04-03 13:33:21 | DEBUG    | urllib3.connectionpool | Starting new HTTPS connection (1): testnet.binance.vision:443
2026-04-03 13:33:24 | DEBUG    | urllib3.connectionpool | https://testnet.binance.vision:443 "GET /api/v3/ping HTTP/1.1" 200 2
2026-04-03 13:33:24 | INFO     | bot.client | BinanceClient initialised — testnet=True
2026-04-03 13:33:24 | INFO     | bot.orders | order_request | symbol=BTCUSDT side=BUY type=MARKET qty=0.002 price=None stopPrice=None
2026-04-03 13:33:24 | INFO     | bot.client | Placing order — params={'symbol': 'BTCUSDT', 'side': 'BUY', 'type': 'MARKET', 'quantity': 0.002}
2026-04-03 13:33:24 | DEBUG    | urllib3.connectionpool | Starting new HTTPS connection (1): testnet.binancefuture.com:443
2026-04-03 13:33:28 | DEBUG    | urllib3.connectionpool | https://testnet.binancefuture.com:443 "POST /fapi/v1/order?quantity=0.002&side=BUY&symbol=BTCUSDT&timestamp=1775203404594&type=MARKET&signature=2bf5d1a7558f61706429bd8e70eb99eabb6ce91e74dc588e5fa48f7135b45b38 HTTP/1.1" 200 None
2026-04-03 13:33:28 | INFO     | bot.client | Order accepted — orderId=13020026777 status=NEW executedQty=0.0000 avgPrice=0.00
2026-04-03 13:33:28 | INFO     | bot.orders | order_success | orderId=13020026777 status=NEW executedQty=0.0000 avgPrice=0.00
2026-04-03 13:34:42 | INFO     | bot.logging_config | Logging initialised — file=logs\bot.log console_level=WARNING
2026-04-03 13:34:42 | DEBUG    | urllib3.connectionpool | Starting new HTTPS connection (1): testnet.binance.vision:443
2026-04-03 13:34:43 | DEBUG    | urllib3.connectionpool | https://testnet.binance.vision:443 "GET /api/v3/ping HTTP/1.1" 200 2
2026-04-03 13:34:43 | INFO     | bot.client | BinanceClient initialised — testnet=True
2026-04-03 13:34:43 | INFO     | bot.client | Fetching account info
2026-04-03 13:34:43 | DEBUG    | urllib3.connectionpool | Starting new HTTPS connection (1): testnet.binancefuture.com:443
2026-04-03 13:34:44 | DEBUG    | urllib3.connectionpool | https://testnet.binancefuture.com:443 "GET /fapi/v2/account?timestamp=1775203483339&signature=9fbfd00d16e66c8d8dace8417ae5fa0c990c6adc8090dd15e6d02e9097264de7 HTTP/1.1" 200 None
2026-04-03 13:37:07 | INFO     | bot.logging_config | Logging initialised — file=logs\bot.log console_level=WARNING
2026-04-03 13:37:07 | DEBUG    | urllib3.connectionpool | Starting new HTTPS connection (1): testnet.binance.vision:443
2026-04-03 13:37:09 | DEBUG    | urllib3.connectionpool | https://testnet.binance.vision:443 "GET /api/v3/ping HTTP/1.1" 200 2
2026-04-03 13:37:09 | INFO     | bot.client | BinanceClient initialised — testnet=True
2026-04-03 13:37:09 | INFO     | bot.orders | order_request | symbol=BTCUSDT side=BUY type=MARKET qty=0.002 price=None stopPrice=None
2026-04-03 13:37:09 | INFO     | bot.client | Placing order — params={'symbol': 'BTCUSDT', 'side': 'BUY', 'type': 'MARKET', 'quantity': 0.002}
2026-04-03 13:37:09 | DEBUG    | urllib3.connectionpool | Starting new HTTPS connection (1): testnet.binancefuture.com:443
2026-04-03 13:37:10 | DEBUG    | urllib3.connectionpool | https://testnet.binancefuture.com:443 "POST /fapi/v1/order?quantity=0.002&side=BUY&symbol=BTCUSDT&timestamp=1775203629204&type=MARKET&signature=a69ee7f6accabbe358e5d4be85c8c5253f973bfb8240ec470a32b4fe8dc8e86b HTTP/1.1" 200 None
2026-04-03 13:37:10 | INFO     | bot.client | Order accepted — orderId=13020028862 status=NEW executedQty=0.0000 avgPrice=0.00
2026-04-03 13:37:10 | INFO     | bot.orders | order_success | orderId=13020028862 status=NEW executedQty=0.0000 avgPrice=0.00
2026-04-03 13:38:22 | INFO     | bot.logging_config | Logging initialised — file=logs\bot.log console_level=WARNING
2026-04-03 13:38:22 | DEBUG    | urllib3.connectionpool | Starting new HTTPS connection (1): testnet.binance.vision:443
2026-04-03 13:38:25 | DEBUG    | urllib3.connectionpool | https://testnet.binance.vision:443 "GET /api/v3/ping HTTP/1.1" 200 2
2026-04-03 13:38:25 | INFO     | bot.client | BinanceClient initialised — testnet=True
2026-04-03 13:38:25 | INFO     | bot.orders | order_request | symbol=BTCUSDT side=SELL type=LIMIT qty=0.002 price=65000.0 stopPrice=None
2026-04-03 13:38:25 | INFO     | bot.client | Placing order — params={'symbol': 'BTCUSDT', 'side': 'SELL', 'type': 'LIMIT', 'quantity': 0.002, 'price': 65000.0, 'timeInForce': 'GTC'}
2026-04-03 13:38:25 | DEBUG    | urllib3.connectionpool | Starting new HTTPS connection (1): testnet.binancefuture.com:443
2026-04-03 13:38:26 | DEBUG    | urllib3.connectionpool | https://testnet.binancefuture.com:443 "POST /fapi/v1/order?price=65000.0&quantity=0.002&side=SELL&symbol=BTCUSDT&timeInForce=GTC&timestamp=1775203705045&type=LIMIT&signature=dbad49e1b31e59a3c0a0f946afb99e5a8581279ab45dbfe4a17ab8b01310f18d HTTP/1.1" 200 None
2026-04-03 13:38:26 | INFO     | bot.client | Order accepted — orderId=13020029495 status=NEW executedQty=0.0000 avgPrice=0.00
2026-04-03 13:38:26 | INFO     | bot.orders | order_success | orderId=13020029495 status=NEW executedQty=0.0000 avgPrice=0.00
2026-04-03 13:39:10 | INFO     | bot.logging_config | Logging initialised — file=logs\bot.log console_level=WARNING
2026-04-03 13:39:10 | DEBUG    | urllib3.connectionpool | Starting new HTTPS connection (1): testnet.binance.vision:443
2026-04-03 13:39:11 | DEBUG    | urllib3.connectionpool | https://testnet.binance.vision:443 "GET /api/v3/ping HTTP/1.1" 200 2
2026-04-03 13:39:11 | INFO     | bot.client | BinanceClient initialised — testnet=True
2026-04-03 13:39:11 | INFO     | bot.orders | order_request | symbol=ETHUSDT side=SELL type=STOP_MARKET qty=0.01 price=None stopPrice=2800.0
2026-04-03 13:39:11 | INFO     | bot.client | Placing order — params={'symbol': 'ETHUSDT', 'side': 'SELL', 'type': 'STOP_MARKET', 'quantity': 0.01, 'stopPrice': 2800.0}
2026-04-03 13:39:11 | DEBUG    | urllib3.connectionpool | Starting new HTTPS connection (1): testnet.binancefuture.com:443
2026-04-03 13:39:12 | DEBUG    | urllib3.connectionpool | https://testnet.binancefuture.com:443 "POST /fapi/v1/order?quantity=0.01&side=SELL&stopPrice=2800.0&symbol=ETHUSDT&timestamp=1775203751042&type=STOP_MARKET&signature=2743c5a5912112a836e87f0d2fb35436e43959836e8394576d412ab4593765fd HTTP/1.1" 400 115
2026-04-03 13:39:12 | ERROR    | bot.client | Order API error — code=-4120 msg=Order type not supported for this endpoint. Please use the Algo Order API endpoints instead.
2026-04-03 13:39:12 | ERROR    | bot.orders | order_failed | Binance API error -4120: Order type not supported for this endpoint. Please use the Algo Order API endpoints instead.
2026-04-03 13:39:42 | INFO     | bot.logging_config | Logging initialised — file=logs\bot.log console_level=WARNING
2026-04-03 13:39:42 | DEBUG    | urllib3.connectionpool | Starting new HTTPS connection (1): testnet.binance.vision:443
2026-04-03 13:39:43 | DEBUG    | urllib3.connectionpool | https://testnet.binance.vision:443 "GET /api/v3/ping HTTP/1.1" 200 2
2026-04-03 13:39:43 | INFO     | bot.client | BinanceClient initialised — testnet=True
2026-04-03 13:39:43 | INFO     | bot.client | Fetching klines — symbol=BTCUSDT interval=1m limit=100
2026-04-03 13:39:43 | DEBUG    | urllib3.connectionpool | Starting new HTTPS connection (1): testnet.binancefuture.com:443
2026-04-03 13:39:45 | DEBUG    | urllib3.connectionpool | https://testnet.binancefuture.com:443 "GET /fapi/v1/klines?interval=1m&limit=100&symbol=BTCUSDT HTTP/1.1" 200 None
2026-04-03 13:39:45 | DEBUG    | bot.client | Klines received — count=100
2026-04-03 13:39:45 | DEBUG    | bot.ai_signal | RSI calculated — last value: 58.44
2026-04-03 13:39:45 | INFO     | bot.ai_signal | RSI signal — value=58.44 threshold_low=30 threshold_high=70
2026-04-03 13:39:45 | INFO     | bot.ai_signal | Signal generated: HOLD
2026-04-03 13:40:01 | INFO     | bot.logging_config | Logging initialised — file=logs\bot.log console_level=WARNING
2026-04-03 13:40:01 | DEBUG    | urllib3.connectionpool | Starting new HTTPS connection (1): testnet.binance.vision:443
2026-04-03 13:40:02 | DEBUG    | urllib3.connectionpool | https://testnet.binance.vision:443 "GET /api/v3/ping HTTP/1.1" 200 2
2026-04-03 13:40:02 | INFO     | bot.client | BinanceClient initialised — testnet=True
2026-04-03 13:40:02 | INFO     | bot.client | Fetching klines — symbol=BTCUSDT interval=1m limit=100
2026-04-03 13:40:02 | DEBUG    | urllib3.connectionpool | Starting new HTTPS connection (1): testnet.binancefuture.com:443
2026-04-03 13:40:03 | DEBUG    | urllib3.connectionpool | https://testnet.binancefuture.com:443 "GET /fapi/v1/klines?interval=1m&limit=100&symbol=BTCUSDT HTTP/1.1" 200 None
2026-04-03 13:40:03 | DEBUG    | bot.client | Klines received — count=100
2026-04-03 13:40:03 | DEBUG    | bot.ai_signal | RSI calculated — last value: 58.44
2026-04-03 13:40:03 | INFO     | bot.ai_signal | RSI signal — value=58.44 threshold_low=30 threshold_high=70
2026-04-03 13:40:03 | INFO     | bot.ai_signal | Signal generated: HOLD
2026-04-03 13:40:17 | INFO     | bot.logging_config | Logging initialised — file=logs\bot.log console_level=WARNING
2026-04-03 13:40:17 | DEBUG    | urllib3.connectionpool | Starting new HTTPS connection (1): testnet.binance.vision:443
2026-04-03 13:40:18 | DEBUG    | urllib3.connectionpool | https://testnet.binance.vision:443 "GET /api/v3/ping HTTP/1.1" 200 2
2026-04-03 13:40:18 | INFO     | bot.client | BinanceClient initialised — testnet=True
2026-04-03 13:40:18 | INFO     | bot.client | Fetching klines — symbol=BTCUSDT interval=1m limit=100
2026-04-03 13:40:18 | DEBUG    | urllib3.connectionpool | Starting new HTTPS connection (1): testnet.binancefuture.com:443
2026-04-03 13:40:19 | DEBUG    | urllib3.connectionpool | https://testnet.binancefuture.com:443 "GET /fapi/v1/klines?interval=1m&limit=100&symbol=BTCUSDT HTTP/1.1" 200 None
2026-04-03 13:40:19 | DEBUG    | bot.client | Klines received — count=100
2026-04-03 13:40:19 | DEBUG    | bot.ai_signal | RSI calculated — last value: 53.60
2026-04-03 13:40:19 | INFO     | bot.ai_signal | RSI signal — value=53.60 threshold_low=30 threshold_high=70
2026-04-03 13:40:19 | INFO     | bot.ai_signal | Signal generated: HOLD
2026-04-03 13:40:50 | INFO     | bot.logging_config | Logging initialised — file=logs\bot.log console_level=WARNING
2026-04-03 13:40:50 | DEBUG    | urllib3.connectionpool | Starting new HTTPS connection (1): testnet.binance.vision:443
2026-04-03 13:40:52 | DEBUG    | urllib3.connectionpool | https://testnet.binance.vision:443 "GET /api/v3/ping HTTP/1.1" 200 2
2026-04-03 13:40:52 | INFO     | bot.client | BinanceClient initialised — testnet=True
2026-04-03 13:40:52 | INFO     | bot.client | Fetching open orders — symbol=BTCUSDT
2026-04-03 13:40:52 | DEBUG    | urllib3.connectionpool | Starting new HTTPS connection (1): testnet.binancefuture.com:443
2026-04-03 13:40:53 | DEBUG    | urllib3.connectionpool | https://testnet.binancefuture.com:443 "GET /fapi/v1/openOrders?symbol=BTCUSDT&timestamp=1775203852121&signature=bc909270637a9e12a85c73f857b779c7eeafca0373986bf3ccff0106e2af571d HTTP/1.1" 200 2
2026-04-03 15:02:41 | INFO     | bot.logging_config | Logging initialised — file=logs\bot.log console_level=WARNING
2026-04-03 15:04:47 | INFO     | bot.logging_config | Logging initialised — file=logs\bot.log console_level=WARNING
2026-04-03 15:06:42 | INFO     | bot.logging_config | Logging initialised — file=logs\bot.log console_level=WARNING
2026-04-03 15:06:42 | DEBUG    | urllib3.connectionpool | Starting new HTTPS connection (1): testnet.binance.vision:443
2026-04-03 15:06:45 | DEBUG    | urllib3.connectionpool | https://testnet.binance.vision:443 "GET /api/v3/ping HTTP/1.1" 200 2
2026-04-03 15:06:45 | INFO     | bot.client | BinanceClient initialised — testnet=True
2026-04-03 15:06:45 | INFO     | bot.client | Fetching klines — symbol=BTCUSDT interval=1m limit=100
2026-04-03 15:06:45 | DEBUG    | urllib3.connectionpool | Starting new HTTPS connection (1): testnet.binancefuture.com:443
2026-04-03 15:06:48 | DEBUG    | urllib3.connectionpool | https://testnet.binancefuture.com:443 "GET /fapi/v1/klines?interval=1m&limit=100&symbol=BTCUSDT HTTP/1.1" 200 None
2026-04-03 15:06:48 | DEBUG    | bot.client | Klines received — count=100
2026-04-03 15:06:48 | DEBUG    | bot.ai_signal | RSI calculated — last value: 45.29
2026-04-03 15:06:48 | INFO     | bot.ai_signal | RSI signal — value=45.29 threshold_low=30 threshold_high=70
2026-04-03 15:06:48 | INFO     | bot.ai_signal | Signal generated: HOLD
2026-04-03 15:07:00 | INFO     | bot.logging_config | Logging initialised — file=logs\bot.log console_level=WARNING
2026-04-03 15:16:44 | INFO     | bot.logging_config | Logging initialised — file=logs\bot.log console_level=WARNING
2026-04-03 15:21:54 | INFO     | bot.logging_config | Logging initialised — file=logs\bot.log console_level=WARNING
2026-04-03 15:21:54 | DEBUG    | urllib3.connectionpool | Starting new HTTPS connection (1): testnet.binance.vision:443
2026-04-03 15:21:56 | DEBUG    | urllib3.connectionpool | https://testnet.binance.vision:443 "GET /api/v3/ping HTTP/1.1" 200 2
2026-04-03 15:21:56 | INFO     | bot.client | BinanceClient initialised — testnet=True
2026-04-03 15:21:56 | INFO     | bot.orders | order_request | symbol=BTCUSDT side=SELL type=LIMIT qty=0.002 price=65000.0 stopPrice=None
2026-04-03 15:21:56 | INFO     | bot.client | Placing order — params={'symbol': 'BTCUSDT', 'side': 'SELL', 'type': 'LIMIT', 'quantity': 0.002, 'price': 65000.0, 'timeInForce': 'GTC'}
2026-04-03 15:21:56 | DEBUG    | urllib3.connectionpool | Starting new HTTPS connection (1): testnet.binancefuture.com:443
2026-04-03 15:21:57 | DEBUG    | urllib3.connectionpool | https://testnet.binancefuture.com:443 "POST /fapi/v1/order?price=65000.0&quantity=0.002&side=SELL&symbol=BTCUSDT&timeInForce=GTC&timestamp=1775209916118&type=LIMIT&signature=d1582451ea7a84df95b58aa347bc077a6fea285e7069b22fcbfe04a8d713242c HTTP/1.1" 200 None
2026-04-03 15:21:57 | INFO     | bot.orders | order_success | orderId=13020085649 status=NEW executedQty=0.0000 avgPrice=0.00
2026-04-03 15:22:28 | INFO     | bot.logging_config | Logging initialised — file=logs\bot.log console_level=WARNING
2026-04-03 15:22:28 | DEBUG    | urllib3.connectionpool | Starting new HTTPS connection (1): testnet.binance.vision:443
2026-04-03 15:22:29 | DEBUG    | urllib3.connectionpool | https://testnet.binance.vision:443 "GET /api/v3/ping HTTP/1.1" 200 2
2026-04-03 15:22:29 | INFO     | bot.client | BinanceClient initialised — testnet=True
2026-04-03 15:22:29 | INFO     | bot.orders | order_request | symbol=BTCUSDT side=BUY type=MARKET qty=0.002 price=None stopPrice=None
2026-04-03 15:22:29 | INFO     | bot.client | Placing order — params={'symbol': 'BTCUSDT', 'side': 'BUY', 'type': 'MARKET', 'quantity': 0.002}
2026-04-03 15:22:29 | DEBUG    | urllib3.connectionpool | Starting new HTTPS connection (1): testnet.binancefuture.com:443
2026-04-03 15:22:30 | DEBUG    | urllib3.connectionpool | https://testnet.binancefuture.com:443 "POST /fapi/v1/order?quantity=0.002&side=BUY&symbol=BTCUSDT&timestamp=1775209949642&type=MARKET&signature=3f686497a6bd7b40a96358190bd6b2dd242753d1c26ea9a0c9c269b5dcca4458 HTTP/1.1" 200 None
2026-04-03 15:22:30 | INFO     | bot.orders | order_success | orderId=13020085970 status=NEW executedQty=0.0000 avgPrice=0.00
2026-04-03 15:22:48 | INFO     | bot.logging_config | Logging initialised — file=logs\bot.log console_level=WARNING
2026-04-03 15:22:48 | DEBUG    | urllib3.connectionpool | Starting new HTTPS connection (1): testnet.binance.vision:443
2026-04-03 15:22:49 | DEBUG    | urllib3.connectionpool | https://testnet.binance.vision:443 "GET /api/v3/ping HTTP/1.1" 200 2
2026-04-03 15:22:49 | INFO     | bot.client | BinanceClient initialised — testnet=True
2026-04-03 15:22:49 | INFO     | bot.orders | order_request | symbol=ETHUSDT side=SELL type=STOP_MARKET qty=0.01 price=None stopPrice=2800.0
2026-04-03 15:22:49 | INFO     | bot.client | Placing order — params={'symbol': 'ETHUSDT', 'side': 'SELL', 'type': 'STOP_MARKET', 'quantity': 0.01, 'stopPrice': 2800.0}
2026-04-03 15:22:49 | DEBUG    | urllib3.connectionpool | Starting new HTTPS connection (1): testnet.binancefuture.com:443
2026-04-03 15:22:50 | DEBUG    | urllib3.connectionpool | https://testnet.binancefuture.com:443 "POST /fapi/v1/order?quantity=0.01&side=SELL&stopPrice=2800.0&symbol=ETHUSDT&timestamp=1775209969363&type=STOP_MARKET&signature=9dbb57e43f6bcadac6975723ea3d7e2eb364c9ab10197b385f60b3a2bc9213e6 HTTP/1.1" 400 115
2026-04-03 15:22:50 | ERROR    | bot.client | Order API error — code=-4120 msg=Order type not supported for this endpoint. Please use the Algo Order API endpoints instead.
2026-04-03 15:22:50 | ERROR    | bot.orders | order_failed | Binance API error -4120: Order type not supported for this endpoint. Please use the Algo Order API endpoints instead.
2026-04-03 15:23:00 | INFO     | bot.logging_config | Logging initialised — file=logs\bot.log console_level=WARNING
2026-04-03 15:23:00 | DEBUG    | urllib3.connectionpool | Starting new HTTPS connection (1): testnet.binance.vision:443
2026-04-03 15:23:01 | DEBUG    | urllib3.connectionpool | https://testnet.binance.vision:443 "GET /api/v3/ping HTTP/1.1" 200 2
2026-04-03 15:23:01 | INFO     | bot.client | BinanceClient initialised — testnet=True
2026-04-03 15:23:01 | INFO     | bot.client | Fetching klines — symbol=BTCUSDT interval=1m limit=100
2026-04-03 15:23:01 | DEBUG    | urllib3.connectionpool | Starting new HTTPS connection (1): testnet.binancefuture.com:443
2026-04-03 15:23:02 | DEBUG    | urllib3.connectionpool | https://testnet.binancefuture.com:443 "GET /fapi/v1/klines?interval=1m&limit=100&symbol=BTCUSDT HTTP/1.1" 200 None
2026-04-03 15:23:02 | DEBUG    | bot.ai_signal | RSI calculated — last value: 54.94
2026-04-03 15:23:02 | INFO     | bot.ai_signal | RSI signal — value=54.94 threshold_low=30 threshold_high=70
2026-04-03 15:23:02 | INFO     | bot.ai_signal | Signal generated: HOLD
2026-04-03 15:23:15 | INFO     | bot.logging_config | Logging initialised — file=logs\bot.log console_level=WARNING
2026-04-03 15:23:15 | DEBUG    | urllib3.connectionpool | Starting new HTTPS connection (1): testnet.binance.vision:443
2026-04-03 15:23:16 | DEBUG    | urllib3.connectionpool | https://testnet.binance.vision:443 "GET /api/v3/ping HTTP/1.1" 200 2
2026-04-03 15:23:16 | INFO     | bot.client | BinanceClient initialised — testnet=True
2026-04-03 15:23:16 | INFO     | bot.client | Fetching open orders — symbol=BTCUSDT
2026-04-03 15:23:16 | DEBUG    | urllib3.connectionpool | Starting new HTTPS connection (1): testnet.binancefuture.com:443
2026-04-03 15:23:17 | DEBUG    | urllib3.connectionpool | https://testnet.binancefuture.com:443 "GET /fapi/v1/openOrders?symbol=BTCUSDT&timestamp=1775209996397&signature=c2d52ddd167fdccbbb81af72abbb8e66c27b9c67696eb662df72ec0be9394f0b HTTP/1.1" 200 2
